<?xml version="1.0" encoding="UTF-8"?>
<!-- Generated by org.testng.reporters.JUnitReportReporter -->
<testsuite hostname="WINDELL-8OBPOFL" failures="0" tests="1" name="cucumberOptions.TestNgTestRunner" time="0.125" errors="0" timestamp="2021-08-15T05:40:27 EDT" skipped="0">
  <testcase classname="cucumberOptions.TestNgTestRunner" name="runScenario" time="0.125"/>
  <system-out/>
</testsuite> <!-- cucumberOptions.TestNgTestRunner -->
